# JRE version: OpenJDK Runtime Environment Temurin-17.0.8.1+1 (17.0.8.1+1) (build 17.0.8.1+1)
# Java VM: OpenJDK 64-Bit Server VM Temurin-17.0.8.1+1 (17.0.8.1+1, mixed mode, emulated-client, sharing, tiered, compressed oops, compressed class ptrs, g1 gc, windows-amd64)
GC Precious Log:
 CPUs: 20 total, 20 available
 Memory: 16108M
 Large Page Support: Disabled
 NUMA Support: Disabled
 Compressed Oops: Enabled (Zero based)
 Heap Region Size: 2M
 Heap Min Capacity: 8M
 Heap Initial Capacity: 252M
 Heap Max Capacity: 4028M
 Pre-touch: Disabled
 Parallel Workers: 15
 Concurrent Workers: 4
 Concurrent Refinement Workers: 15
 Periodic GC: Disabled
Heap:
 garbage-first heap   total 421888K, used 72276K [0x0000000704400000, 0x0000000800000000)
  region size 2048K, 8 young (16384K), 8 survivors (16384K)
 Metaspace       used 69399K, committed 69952K, reserved 1114112K
  class space    used 9581K, committed 9856K, reserved 1048576K
GC Heap History (20 events):
Event: 8.263 GC heap after
{Heap after GC invocations=42 (full 0):
 garbage-first heap   total 290816K, used 60242K [0x0000000704400000, 0x0000000800000000)
  region size 2048K, 5 young (10240K), 5 survivors (10240K)
 Metaspace       used 69380K, committed 69952K, reserved 1114112K
  class space    used 9577K, committed 9856K, reserved 1048576K
}
Event: 8.423 GC heap before
{Heap before GC invocations=42 (full 0):
 garbage-first heap   total 290816K, used 224082K [0x0000000704400000, 0x0000000800000000)
  region size 2048K, 85 young (174080K), 5 survivors (10240K)
 Metaspace       used 69383K, committed 69952K, reserved 1114112K
  class space    used 9578K, committed 9856K, reserved 1048576K
}
Event: 8.427 GC heap after
{Heap after GC invocations=43 (full 0):
 garbage-first heap   total 350208K, used 61086K [0x0000000704400000, 0x0000000800000000)
  region size 2048K, 5 young (10240K), 5 survivors (10240K)
 Metaspace       used 69383K, committed 69952K, reserved 1114112K
  class space    used 9578K, committed 9856K, reserved 1048576K
}
Event: 8.637 GC heap before
{Heap before GC invocations=43 (full 0):
 garbage-first heap   total 350208K, used 259742K [0x0000000704400000, 0x0000000800000000)
  region size 2048K, 102 young (208896K), 5 survivors (10240K)
 Metaspace       used 69383K, committed 69952K, reserved 1114112K
  class space    used 9578K, committed 9856K, reserved 1048576K
}
Event: 8.640 GC heap after
{Heap after GC invocations=44 (full 0):
 garbage-first heap   total 350208K, used 62657K [0x0000000704400000, 0x0000000800000000)
  region size 2048K, 6 young (12288K), 6 survivors (12288K)
 Metaspace       used 69383K, committed 69952K, reserved 1114112K
  class space    used 9578K, committed 9856K, reserved 1048576K
}
Event: 8.802 GC heap before
{Heap before GC invocations=44 (full 0):
 garbage-first heap   total 350208K, used 259265K [0x0000000704400000, 0x0000000800000000)
  region size 2048K, 102 young (208896K), 6 survivors (12288K)
 Metaspace       used 69383K, committed 69952K, reserved 1114112K
  class space    used 9578K, committed 9856K, reserved 1048576K
}
Event: 8.806 GC heap after
{Heap after GC invocations=45 (full 0):
 garbage-first heap   total 350208K, used 63522K [0x0000000704400000, 0x0000000800000000)
  region size 2048K, 6 young (12288K), 6 survivors (12288K)
 Metaspace       used 69383K, committed 69952K, reserved 1114112K
  class space    used 9578K, committed 9856K, reserved 1048576K
}
Event: 8.951 GC heap before
{Heap before GC invocations=45 (full 0):
 garbage-first heap   total 350208K, used 260130K [0x0000000704400000, 0x0000000800000000)
  region size 2048K, 102 young (208896K), 6 survivors (12288K)
 Metaspace       used 69399K, committed 69952K, reserved 1114112K
  class space    used 9581K, committed 9856K, reserved 1048576K
}
Event: 8.955 GC heap after
{Heap after GC invocations=46 (full 0):
 garbage-first heap   total 350208K, used 64404K [0x0000000704400000, 0x0000000800000000)
  region size 2048K, 6 young (12288K), 6 survivors (12288K)
 Metaspace       used 69399K, committed 69952K, reserved 1114112K
  class space    used 9581K, committed 9856K, reserved 1048576K
}
Event: 9.138 GC heap before
{Heap before GC invocations=46 (full 0):
 garbage-first heap   total 350208K, used 261012K [0x0000000704400000, 0x0000000800000000)
  region size 2048K, 102 young (208896K), 6 survivors (12288K)
 Metaspace       used 69399K, committed 69952K, reserved 1114112K
  class space    used 9581K, committed 9856K, reserved 1048576K
}
Event: 9.189 GC heap after
{Heap after GC invocations=47 (full 0):
 garbage-first heap   total 421888K, used 65433K [0x0000000704400000, 0x0000000800000000)
  region size 2048K, 7 young (14336K), 7 survivors (14336K)
 Metaspace       used 69399K, committed 69952K, reserved 1114112K
  class space    used 9581K, committed 9856K, reserved 1048576K
}
Event: 9.475 GC heap before
{Heap before GC invocations=47 (full 0):
 garbage-first heap   total 421888K, used 303001K [0x0000000704400000, 0x0000000800000000)
  region size 2048K, 123 young (251904K), 7 survivors (14336K)
 Metaspace       used 69399K, committed 69952K, reserved 1114112K
  class space    used 9581K, committed 9856K, reserved 1048576K
}
Event: 9.486 GC heap after
{Heap after GC invocations=48 (full 0):
 garbage-first heap   total 421888K, used 68069K [0x0000000704400000, 0x0000000800000000)
  region size 2048K, 8 young (16384K), 8 survivors (16384K)
 Metaspace       used 69399K, committed 69952K, reserved 1114112K
  class space    used 9581K, committed 9856K, reserved 1048576K
}
Event: 9.700 GC heap before
{Heap before GC invocations=48 (full 0):
 garbage-first heap   total 421888K, used 303589K [0x0000000704400000, 0x0000000800000000)
  region size 2048K, 123 young (251904K), 8 survivors (16384K)
 Metaspace       used 69399K, committed 69952K, reserved 1114112K
  class space    used 9581K, committed 9856K, reserved 1048576K
}
Event: 9.704 GC heap after
{Heap after GC invocations=49 (full 0):
 garbage-first heap   total 421888K, used 68077K [0x0000000704400000, 0x0000000800000000)
  region size 2048K, 7 young (14336K), 7 survivors (14336K)
 Metaspace       used 69399K, committed 69952K, reserved 1114112K
  class space    used 9581K, committed 9856K, reserved 1048576K
}
Event: 9.863 GC heap before
{Heap before GC invocations=49 (full 0):
 garbage-first heap   total 421888K, used 305645K [0x0000000704400000, 0x0000000800000000)
  region size 2048K, 123 young (251904K), 7 survivors (14336K)
 Metaspace       used 69399K, committed 69952K, reserved 1114112K
  class space    used 9581K, committed 9856K, reserved 1048576K
}
Event: 9.867 GC heap after
{Heap after GC invocations=50 (full 0):
 garbage-first heap   total 421888K, used 68990K [0x0000000704400000, 0x0000000800000000)
  region size 2048K, 8 young (16384K), 8 survivors (16384K)
 Metaspace       used 69399K, committed 69952K, reserved 1114112K
  class space    used 9581K, committed 9856K, reserved 1048576K
}
Event: 10.025 GC heap before
{Heap before GC invocations=50 (full 0):
 garbage-first heap   total 421888K, used 304510K [0x0000000704400000, 0x0000000800000000)
  region size 2048K, 123 young (251904K), 8 survivors (16384K)
 Metaspace       used 69399K, committed 69952K, reserved 1114112K
  class space    used 9581K, committed 9856K, reserved 1048576K
}
Event: 10.028 GC heap after
{Heap after GC invocations=51 (full 0):
 garbage-first heap   total 421888K, used 70780K [0x0000000704400000, 0x0000000800000000)
  region size 2048K, 8 young (16384K), 8 survivors (16384K)
 Metaspace       used 69399K, committed 69952K, reserved 1114112K
  class space    used 9581K, committed 9856K, reserved 1048576K
}
Event: 10.178 GC heap before
{Heap before GC invocations=51 (full 0):
 garbage-first heap   total 421888K, used 306300K [0x0000000704400000, 0x0000000800000000)
  region size 2048K, 123 young (251904K), 8 survivors (16384K)
 Metaspace       used 69399K, committed 69952K, reserved 1114112K
  class space    used 9581K, committed 9856K, reserved 1048576K
}

