# JRE version: OpenJDK Runtime Environment Temurin-17.0.8.1+1 (17.0.8.1+1) (build 17.0.8.1+1)
# Java VM: OpenJDK 64-Bit Server VM Temurin-17.0.8.1+1 (17.0.8.1+1, mixed mode, emulated-client, sharing, tiered, compressed oops, compressed class ptrs, g1 gc, windows-amd64)
GC Precious Log:
 CPUs: 20 total, 20 available
 Memory: 16108M
 Large Page Support: Disabled
 NUMA Support: Disabled
 Compressed Oops: Enabled (Zero based)
 Heap Region Size: 2M
 Heap Min Capacity: 8M
 Heap Initial Capacity: 252M
 Heap Max Capacity: 4028M
 Pre-touch: Disabled
 Parallel Workers: 15
 Concurrent Workers: 4
 Concurrent Refinement Workers: 15
 Periodic GC: Disabled
Heap:
 garbage-first heap   total 466944K, used 36697K [0x0000000704400000, 0x0000000800000000)
  region size 2048K, 2 young (4096K), 2 survivors (4096K)
 Metaspace       used 58666K, committed 59328K, reserved 1114112K
  class space    used 8269K, committed 8576K, reserved 1048576K
GC Heap History (20 events):
Event: 3278.660 GC heap after
{Heap after GC invocations=26 (full 0):
 garbage-first heap   total 389120K, used 35644K [0x0000000704400000, 0x0000000800000000)
  region size 2048K, 4 young (8192K), 4 survivors (8192K)
 Metaspace       used 58666K, committed 59328K, reserved 1114112K
  class space    used 8269K, committed 8576K, reserved 1048576K
}
Event: 3278.776 GC heap before
{Heap before GC invocations=26 (full 0):
 garbage-first heap   total 389120K, used 258876K [0x0000000704400000, 0x0000000800000000)
  region size 2048K, 114 young (233472K), 4 survivors (8192K)
 Metaspace       used 58666K, committed 59328K, reserved 1114112K
  class space    used 8269K, committed 8576K, reserved 1048576K
}
Event: 3278.779 GC heap after
{Heap after GC invocations=27 (full 0):
 garbage-first heap   total 389120K, used 35920K [0x0000000704400000, 0x0000000800000000)
  region size 2048K, 4 young (8192K), 4 survivors (8192K)
 Metaspace       used 58666K, committed 59328K, reserved 1114112K
  class space    used 8269K, committed 8576K, reserved 1048576K
}
Event: 3278.893 GC heap before
{Heap before GC invocations=27 (full 0):
 garbage-first heap   total 389120K, used 259152K [0x0000000704400000, 0x0000000800000000)
  region size 2048K, 114 young (233472K), 4 survivors (8192K)
 Metaspace       used 58666K, committed 59328K, reserved 1114112K
  class space    used 8269K, committed 8576K, reserved 1048576K
}
Event: 3278.895 GC heap after
{Heap after GC invocations=28 (full 0):
 garbage-first heap   total 389120K, used 35925K [0x0000000704400000, 0x0000000800000000)
  region size 2048K, 4 young (8192K), 4 survivors (8192K)
 Metaspace       used 58666K, committed 59328K, reserved 1114112K
  class space    used 8269K, committed 8576K, reserved 1048576K
}
Event: 3279.007 GC heap before
{Heap before GC invocations=28 (full 0):
 garbage-first heap   total 389120K, used 259157K [0x0000000704400000, 0x0000000800000000)
  region size 2048K, 114 young (233472K), 4 survivors (8192K)
 Metaspace       used 58666K, committed 59328K, reserved 1114112K
  class space    used 8269K, committed 8576K, reserved 1048576K
}
Event: 3279.009 GC heap after
{Heap after GC invocations=29 (full 0):
 garbage-first heap   total 466944K, used 36317K [0x0000000704400000, 0x0000000800000000)
  region size 2048K, 4 young (8192K), 4 survivors (8192K)
 Metaspace       used 58666K, committed 59328K, reserved 1114112K
  class space    used 8269K, committed 8576K, reserved 1048576K
}
Event: 3279.192 GC heap before
{Heap before GC invocations=29 (full 0):
 garbage-first heap   total 466944K, used 304605K [0x0000000704400000, 0x0000000800000000)
  region size 2048K, 136 young (278528K), 4 survivors (8192K)
 Metaspace       used 58666K, committed 59328K, reserved 1114112K
  class space    used 8269K, committed 8576K, reserved 1048576K
}
Event: 3279.194 GC heap after
{Heap after GC invocations=30 (full 0):
 garbage-first heap   total 466944K, used 36493K [0x0000000704400000, 0x0000000800000000)
  region size 2048K, 4 young (8192K), 4 survivors (8192K)
 Metaspace       used 58666K, committed 59328K, reserved 1114112K
  class space    used 8269K, committed 8576K, reserved 1048576K
}
Event: 3279.329 GC heap before
{Heap before GC invocations=30 (full 0):
 garbage-first heap   total 466944K, used 304781K [0x0000000704400000, 0x0000000800000000)
  region size 2048K, 136 young (278528K), 4 survivors (8192K)
 Metaspace       used 58666K, committed 59328K, reserved 1114112K
  class space    used 8269K, committed 8576K, reserved 1048576K
}
Event: 3279.489 GC heap after
{Heap after GC invocations=31 (full 0):
 garbage-first heap   total 466944K, used 36695K [0x0000000704400000, 0x0000000800000000)
  region size 2048K, 2 young (4096K), 2 survivors (4096K)
 Metaspace       used 58666K, committed 59328K, reserved 1114112K
  class space    used 8269K, committed 8576K, reserved 1048576K
}
Event: 3279.647 GC heap before
{Heap before GC invocations=31 (full 0):
 garbage-first heap   total 466944K, used 309079K [0x0000000704400000, 0x0000000800000000)
  region size 2048K, 136 young (278528K), 2 survivors (4096K)
 Metaspace       used 58666K, committed 59328K, reserved 1114112K
  class space    used 8269K, committed 8576K, reserved 1048576K
}
Event: 3279.650 GC heap after
{Heap after GC invocations=32 (full 0):
 garbage-first heap   total 466944K, used 36517K [0x0000000704400000, 0x0000000800000000)
  region size 2048K, 2 young (4096K), 2 survivors (4096K)
 Metaspace       used 58666K, committed 59328K, reserved 1114112K
  class space    used 8269K, committed 8576K, reserved 1048576K
}
Event: 3279.781 GC heap before
{Heap before GC invocations=32 (full 0):
 garbage-first heap   total 466944K, used 308901K [0x0000000704400000, 0x0000000800000000)
  region size 2048K, 136 young (278528K), 2 survivors (4096K)
 Metaspace       used 58666K, committed 59328K, reserved 1114112K
  class space    used 8269K, committed 8576K, reserved 1048576K
}
Event: 3279.782 GC heap after
{Heap after GC invocations=33 (full 0):
 garbage-first heap   total 466944K, used 36519K [0x0000000704400000, 0x0000000800000000)
  region size 2048K, 2 young (4096K), 2 survivors (4096K)
 Metaspace       used 58666K, committed 59328K, reserved 1114112K
  class space    used 8269K, committed 8576K, reserved 1048576K
}
Event: 3279.913 GC heap before
{Heap before GC invocations=33 (full 0):
 garbage-first heap   total 466944K, used 308903K [0x0000000704400000, 0x0000000800000000)
  region size 2048K, 136 young (278528K), 2 survivors (4096K)
 Metaspace       used 58666K, committed 59328K, reserved 1114112K
  class space    used 8269K, committed 8576K, reserved 1048576K
}
Event: 3279.916 GC heap after
{Heap after GC invocations=34 (full 0):
 garbage-first heap   total 466944K, used 36471K [0x0000000704400000, 0x0000000800000000)
  region size 2048K, 2 young (4096K), 2 survivors (4096K)
 Metaspace       used 58666K, committed 59328K, reserved 1114112K
  class space    used 8269K, committed 8576K, reserved 1048576K
}
Event: 3280.035 GC heap before
{Heap before GC invocations=34 (full 0):
 garbage-first heap   total 466944K, used 308855K [0x0000000704400000, 0x0000000800000000)
  region size 2048K, 136 young (278528K), 2 survivors (4096K)
 Metaspace       used 58666K, committed 59328K, reserved 1114112K
  class space    used 8269K, committed 8576K, reserved 1048576K
}
Event: 3280.040 GC heap after
{Heap after GC invocations=35 (full 0):
 garbage-first heap   total 466944K, used 36310K [0x0000000704400000, 0x0000000800000000)
  region size 2048K, 1 young (2048K), 1 survivors (2048K)
 Metaspace       used 58666K, committed 59328K, reserved 1114112K
  class space    used 8269K, committed 8576K, reserved 1048576K
}
Event: 3280.155 GC heap before
{Heap before GC invocations=35 (full 0):
 garbage-first heap   total 466944K, used 310742K [0x0000000704400000, 0x0000000800000000)
  region size 2048K, 136 young (278528K), 1 survivors (2048K)
 Metaspace       used 58666K, committed 59328K, reserved 1114112K
  class space    used 8269K, committed 8576K, reserved 1048576K
}

